# Logfile created on 2012-11-22 16:13:21 +1100 by logger.rb/25413
REQUESTING PAGE: GET /crowdfunding with {} and HTTP headers {}
REQUESTING PAGE: GET /crowdfunding with {} and HTTP headers {}
REQUESTING PAGE: GET /crowdfunding with {} and HTTP headers {}
REQUESTING PAGE: GET /crowdfunding with {} and HTTP headers {}
REQUESTING PAGE: GET /crowdfunding with {} and HTTP headers {}
REQUESTING PAGE: GET /crowdfunding with {} and HTTP headers {}
REQUESTING PAGE: GET /crowdfunding with {} and HTTP headers {}
REQUESTING PAGE: GET /crowdfunding with {} and HTTP headers {}
REQUESTING PAGE: GET /crowdfunding with {} and HTTP headers {}
REQUESTING PAGE: GET /crowdfunding with {} and HTTP headers {}
REQUESTING PAGE: GET /crowdfunding with {} and HTTP headers {}
REQUESTING PAGE: GET /crowdfunding with {} and HTTP headers {}
REQUESTING PAGE: GET /crowdfunding with {} and HTTP headers {}
REQUESTING PAGE: GET /crowdfunding with {} and HTTP headers {}
REQUESTING PAGE: GET /crowdfunding with {} and HTTP headers {}
REQUESTING PAGE: GET /crowdfunding with {} and HTTP headers {}
REQUESTING PAGE: GET /crowdfunding with {} and HTTP headers {}
REQUESTING PAGE: GET /crowdfunding with {} and HTTP headers {}
REQUESTING PAGE: GET /crowdfunding with {} and HTTP headers {}
REQUESTING PAGE: GET /crowdfunding with {} and HTTP headers {}
REQUESTING PAGE: GET /crowdfunding with {} and HTTP headers {}
REQUESTING PAGE: GET /crowdfunding with {} and HTTP headers {}
REQUESTING PAGE: GET /crowdfunding with {} and HTTP headers {}
REQUESTING PAGE: GET /crowdfunding with {} and HTTP headers {}
REQUESTING PAGE: GET /crowdfunding with {} and HTTP headers {}
REQUESTING PAGE: GET /crowdfunding with {} and HTTP headers {}
REQUESTING PAGE: GET /crowdfunding with {} and HTTP headers {}
REQUESTING PAGE: GET /crowdfunding with {} and HTTP headers {}
REQUESTING PAGE: GET /crowdfunding with {} and HTTP headers {}
REQUESTING PAGE: GET /crowdfunding with {} and HTTP headers {}
REQUESTING PAGE: GET /crowdfunding with {} and HTTP headers {}
REQUESTING PAGE: GET /crowdfunding with {} and HTTP headers {}
REQUESTING PAGE: GET /crowdfunding with {} and HTTP headers {}
REQUESTING PAGE: GET /crowdfunding with {} and HTTP headers {}
REQUESTING PAGE: GET /crowdfunding with {} and HTTP headers {}
REQUESTING PAGE: GET /crowdfunding with {} and HTTP headers {}
REQUESTING PAGE: GET /crowdfunding with {} and HTTP headers {}
REQUESTING PAGE: GET /crowdfunding with {} and HTTP headers {}
REQUESTING PAGE: GET /crowdfunding with {} and HTTP headers {}
REQUESTING PAGE: GET /crowdfunding with {} and HTTP headers {}
REQUESTING PAGE: GET /crowdfunding with {} and HTTP headers {}
REQUESTING PAGE: GET /crowdfunding with {} and HTTP headers {}
REQUESTING PAGE: GET /crowdfunding with {} and HTTP headers {}
REQUESTING PAGE: GET /crowdfunding with {} and HTTP headers {}
REQUESTING PAGE: GET /crowdfunding with {} and HTTP headers {}
REQUESTING PAGE: GET /crowdfunding with {} and HTTP headers {}
REQUESTING PAGE: GET /crowdfunding with {} and HTTP headers {}
REQUESTING PAGE: GET /crowdfunding with {} and HTTP headers {}
REQUESTING PAGE: GET /crowdfunding with {} and HTTP headers {}
REQUESTING PAGE: GET /crowdfunding with {} and HTTP headers {}
REQUESTING PAGE: GET /crowdfunding with {} and HTTP headers {}
REQUESTING PAGE: GET /crowdfunding with {} and HTTP headers {}
REQUESTING PAGE: GET /crowdfunding with {} and HTTP headers {}
REQUESTING PAGE: GET /crowdfunding with {} and HTTP headers {}
REQUESTING PAGE: GET /crowdfunding with {} and HTTP headers {}
REQUESTING PAGE: GET /crowdfunding with {} and HTTP headers {}
REQUESTING PAGE: GET /crowdfunding with {} and HTTP headers {}
REQUESTING PAGE: GET /crowdfunding with {} and HTTP headers {}
REQUESTING PAGE: GET /crowdfunding with {} and HTTP headers {}
REQUESTING PAGE: GET /crowdfunding with {} and HTTP headers {}
REQUESTING PAGE: GET /crowdfunding with {} and HTTP headers {}
REQUESTING PAGE: GET /crowdfunding with {} and HTTP headers {}
REQUESTING PAGE: GET /crowdfunding/projects.1 with {} and HTTP headers {"HTTP_REFERER"=>"/crowdfunding"}
REQUESTING PAGE: GET /crowdfunding with {} and HTTP headers {}
REQUESTING PAGE: GET /crowdfunding with {} and HTTP headers {}
REQUESTING PAGE: GET /crowdfunding with {} and HTTP headers {}
REQUESTING PAGE: GET /crowdfunding with {} and HTTP headers {}
REQUESTING PAGE: GET /crowdfunding/projects.1 with {} and HTTP headers {"HTTP_REFERER"=>"/crowdfunding"}
REQUESTING PAGE: GET /crowdfunding with {} and HTTP headers {}
REQUESTING PAGE: GET /crowdfunding with {} and HTTP headers {}
REQUESTING PAGE: GET /crowdfunding with {} and HTTP headers {}
REQUESTING PAGE: GET /crowdfunding with {} and HTTP headers {}
REQUESTING PAGE: GET /crowdfunding/projects.1 with {} and HTTP headers {"HTTP_REFERER"=>"/crowdfunding"}
REQUESTING PAGE: GET /crowdfunding with {} and HTTP headers {}
REQUESTING PAGE: GET /crowdfunding with {} and HTTP headers {}
REQUESTING PAGE: GET /crowdfunding with {} and HTTP headers {}
REQUESTING PAGE: GET /crowdfunding with {} and HTTP headers {}
REQUESTING PAGE: GET /crowdfunding/projects.1 with {} and HTTP headers {"HTTP_REFERER"=>"/crowdfunding"}
REQUESTING PAGE: GET /crowdfunding with {} and HTTP headers {}
REQUESTING PAGE: GET /crowdfunding with {} and HTTP headers {}
REQUESTING PAGE: GET /crowdfunding with {} and HTTP headers {}
REQUESTING PAGE: GET /crowdfunding with {} and HTTP headers {}
REQUESTING PAGE: GET /crowdfunding/projects/1 with {} and HTTP headers {"HTTP_REFERER"=>"/crowdfunding"}
REQUESTING PAGE: GET /crowdfunding with {} and HTTP headers {}
REQUESTING PAGE: GET /crowdfunding with {} and HTTP headers {}
REQUESTING PAGE: GET /crowdfunding with {} and HTTP headers {}
REQUESTING PAGE: GET /crowdfunding with {} and HTTP headers {}
REQUESTING PAGE: GET /crowdfunding/projects/1 with {} and HTTP headers {"HTTP_REFERER"=>"/crowdfunding"}
REQUESTING PAGE: GET /crowdfunding/projects/1 with {} and HTTP headers {}
REQUESTING PAGE: GET /crowdfunding with {} and HTTP headers {}
REQUESTING PAGE: GET /crowdfunding with {} and HTTP headers {}
REQUESTING PAGE: GET /crowdfunding with {} and HTTP headers {}
REQUESTING PAGE: GET /crowdfunding with {} and HTTP headers {}
REQUESTING PAGE: GET /crowdfunding/projects/1 with {} and HTTP headers {"HTTP_REFERER"=>"/crowdfunding"}
REQUESTING PAGE: GET /crowdfunding/projects/1 with {} and HTTP headers {}
REQUESTING PAGE: GET /crowdfunding with {} and HTTP headers {}
REQUESTING PAGE: GET /crowdfunding with {} and HTTP headers {}
REQUESTING PAGE: GET /crowdfunding with {} and HTTP headers {}
REQUESTING PAGE: GET /crowdfunding with {} and HTTP headers {}
REQUESTING PAGE: GET /crowdfunding/projects/1 with {} and HTTP headers {"HTTP_REFERER"=>"/crowdfunding"}
REQUESTING PAGE: GET /crowdfunding/projects/1 with {} and HTTP headers {}
REQUESTING PAGE: GET /crowdfunding with {} and HTTP headers {}
REQUESTING PAGE: GET /crowdfunding with {} and HTTP headers {}
REQUESTING PAGE: GET /crowdfunding with {} and HTTP headers {}
REQUESTING PAGE: GET /crowdfunding with {} and HTTP headers {}
REQUESTING PAGE: GET /crowdfunding/projects/1 with {} and HTTP headers {"HTTP_REFERER"=>"/crowdfunding"}
REQUESTING PAGE: GET /crowdfunding/projects/1 with {} and HTTP headers {}
REQUESTING PAGE: GET /crowdfunding with {} and HTTP headers {}
REQUESTING PAGE: GET /crowdfunding with {} and HTTP headers {}
REQUESTING PAGE: GET /crowdfunding with {} and HTTP headers {}
REQUESTING PAGE: GET /crowdfunding with {} and HTTP headers {}
REQUESTING PAGE: GET /crowdfunding/projects/1 with {} and HTTP headers {"HTTP_REFERER"=>"/crowdfunding"}
REQUESTING PAGE: GET /crowdfunding/projects/1 with {} and HTTP headers {}
REQUESTING PAGE: GET /crowdfunding with {} and HTTP headers {}
REQUESTING PAGE: GET /crowdfunding with {} and HTTP headers {}
REQUESTING PAGE: GET /crowdfunding with {} and HTTP headers {}
REQUESTING PAGE: GET /crowdfunding with {} and HTTP headers {}
REQUESTING PAGE: GET /crowdfunding/projects/1 with {} and HTTP headers {"HTTP_REFERER"=>"/crowdfunding"}
REQUESTING PAGE: GET /crowdfunding/projects/1 with {} and HTTP headers {}
REQUESTING PAGE: GET /crowdfunding with {} and HTTP headers {}
REQUESTING PAGE: GET /crowdfunding with {} and HTTP headers {}
REQUESTING PAGE: GET /crowdfunding with {} and HTTP headers {}
REQUESTING PAGE: GET /crowdfunding with {} and HTTP headers {}
REQUESTING PAGE: GET /crowdfunding/projects/1 with {} and HTTP headers {"HTTP_REFERER"=>"/crowdfunding"}
REQUESTING PAGE: GET /crowdfunding/projects/1 with {} and HTTP headers {}
REQUESTING PAGE: GET /crowdfunding with {} and HTTP headers {}
REQUESTING PAGE: GET /crowdfunding with {} and HTTP headers {}
REQUESTING PAGE: GET /crowdfunding with {} and HTTP headers {}
REQUESTING PAGE: GET /crowdfunding with {} and HTTP headers {}
REQUESTING PAGE: GET /crowdfunding/projects/1 with {} and HTTP headers {"HTTP_REFERER"=>"/crowdfunding"}
REQUESTING PAGE: GET /crowdfunding/projects/1 with {} and HTTP headers {}
REQUESTING PAGE: GET /crowdfunding with {} and HTTP headers {}
REQUESTING PAGE: GET /crowdfunding with {} and HTTP headers {}
REQUESTING PAGE: GET /crowdfunding with {} and HTTP headers {}
REQUESTING PAGE: GET /crowdfunding with {} and HTTP headers {}
REQUESTING PAGE: GET /crowdfunding/projects/1 with {} and HTTP headers {"HTTP_REFERER"=>"/crowdfunding"}
REQUESTING PAGE: GET /crowdfunding/projects/1 with {} and HTTP headers {}
REQUESTING PAGE: GET /crowdfunding with {} and HTTP headers {}
REQUESTING PAGE: GET /crowdfunding with {} and HTTP headers {}
REQUESTING PAGE: GET /crowdfunding with {} and HTTP headers {}
REQUESTING PAGE: GET /crowdfunding with {} and HTTP headers {}
REQUESTING PAGE: GET /crowdfunding/projects/1 with {} and HTTP headers {"HTTP_REFERER"=>"/crowdfunding"}
REQUESTING PAGE: GET /crowdfunding/projects/1 with {} and HTTP headers {}
REQUESTING PAGE: GET /crowdfunding with {} and HTTP headers {}
REQUESTING PAGE: GET /crowdfunding with {} and HTTP headers {}
REQUESTING PAGE: GET /crowdfunding with {} and HTTP headers {}
REQUESTING PAGE: GET /crowdfunding with {} and HTTP headers {}
REQUESTING PAGE: GET /crowdfunding/projects/1 with {} and HTTP headers {"HTTP_REFERER"=>"/crowdfunding"}
REQUESTING PAGE: GET /crowdfunding/projects/1 with {} and HTTP headers {}
